# JRE version: Java(TM) SE Runtime Environment (17.0.10+11) (build 17.0.10+11-LTS-240)
# Java VM: Java HotSpot(TM) 64-Bit Server VM (17.0.10+11-LTS-240, mixed mode, sharing, tiered, compressed oops, compressed class ptrs, g1 gc, windows-amd64)
GC Precious Log:
 CPUs: 8 total, 8 available
 Memory: 7935M
 Large Page Support: Disabled
 NUMA Support: Disabled
 Compressed Oops: Enabled (32-bit)
 Heap Region Size: 1M
 Heap Min Capacity: 8M
 Heap Initial Capacity: 124M
 Heap Max Capacity: 1984M
 Pre-touch: Disabled
 Parallel Workers: 8
 Concurrent Workers: 2
 Concurrent Refinement Workers: 8
 Periodic GC: Disabled
Heap:
 garbage-first heap   total 133120K, used 87544K [0x0000000084000000, 0x0000000100000000)
  region size 1024K, 53 young (54272K), 1 survivors (1024K)
 Metaspace       used 88098K, committed 88768K, reserved 1179648K
  class space    used 11751K, committed 12160K, reserved 1048576K
GC Heap History (20 events):
Event: 2914.251 GC heap before
{Heap before GC invocations=110 (full 0):
 garbage-first heap   total 133120K, used 114280K [0x0000000084000000, 0x0000000100000000)
  region size 1024K, 78 young (79872K), 1 survivors (1024K)
 Metaspace       used 88104K, committed 88768K, reserved 1179648K
  class space    used 11752K, committed 12160K, reserved 1048576K
}
Event: 2914.254 GC heap after
{Heap after GC invocations=111 (full 0):
 garbage-first heap   total 133120K, used 36457K [0x0000000084000000, 0x0000000100000000)
  region size 1024K, 1 young (1024K), 1 survivors (1024K)
 Metaspace       used 88104K, committed 88768K, reserved 1179648K
  class space    used 11752K, committed 12160K, reserved 1048576K
}
Event: 2914.447 GC heap before
{Heap before GC invocations=111 (full 0):
 garbage-first heap   total 133120K, used 40553K [0x0000000084000000, 0x0000000100000000)
  region size 1024K, 6 young (6144K), 1 survivors (1024K)
 Metaspace       used 88104K, committed 88768K, reserved 1179648K
  class space    used 11752K, committed 12160K, reserved 1048576K
}
Event: 2914.451 GC heap after
{Heap after GC invocations=112 (full 0):
 garbage-first heap   total 133120K, used 36430K [0x0000000084000000, 0x0000000100000000)
  region size 1024K, 1 young (1024K), 1 survivors (1024K)
 Metaspace       used 88104K, committed 88768K, reserved 1179648K
  class space    used 11752K, committed 12160K, reserved 1048576K
}
Event: 2920.033 GC heap before
{Heap before GC invocations=112 (full 0):
 garbage-first heap   total 133120K, used 114254K [0x0000000084000000, 0x0000000100000000)
  region size 1024K, 78 young (79872K), 1 survivors (1024K)
 Metaspace       used 88105K, committed 88768K, reserved 1179648K
  class space    used 11752K, committed 12160K, reserved 1048576K
}
Event: 2920.035 GC heap after
{Heap after GC invocations=113 (full 0):
 garbage-first heap   total 133120K, used 36487K [0x0000000084000000, 0x0000000100000000)
  region size 1024K, 1 young (1024K), 1 survivors (1024K)
 Metaspace       used 88105K, committed 88768K, reserved 1179648K
  class space    used 11752K, committed 12160K, reserved 1048576K
}
Event: 2926.481 GC heap before
{Heap before GC invocations=113 (full 0):
 garbage-first heap   total 133120K, used 114311K [0x0000000084000000, 0x0000000100000000)
  region size 1024K, 78 young (79872K), 1 survivors (1024K)
 Metaspace       used 88105K, committed 88768K, reserved 1179648K
  class space    used 11752K, committed 12160K, reserved 1048576K
}
Event: 2926.483 GC heap after
{Heap after GC invocations=114 (full 0):
 garbage-first heap   total 133120K, used 36505K [0x0000000084000000, 0x0000000100000000)
  region size 1024K, 1 young (1024K), 1 survivors (1024K)
 Metaspace       used 88105K, committed 88768K, reserved 1179648K
  class space    used 11752K, committed 12160K, reserved 1048576K
}
Event: 2929.765 GC heap before
{Heap before GC invocations=114 (full 0):
 garbage-first heap   total 133120K, used 114329K [0x0000000084000000, 0x0000000100000000)
  region size 1024K, 78 young (79872K), 1 survivors (1024K)
 Metaspace       used 88105K, committed 88768K, reserved 1179648K
  class space    used 11752K, committed 12160K, reserved 1048576K
}
Event: 2929.767 GC heap after
{Heap after GC invocations=115 (full 0):
 garbage-first heap   total 133120K, used 36500K [0x0000000084000000, 0x0000000100000000)
  region size 1024K, 1 young (1024K), 1 survivors (1024K)
 Metaspace       used 88105K, committed 88768K, reserved 1179648K
  class space    used 11752K, committed 12160K, reserved 1048576K
}
Event: 2933.765 GC heap before
{Heap before GC invocations=116 (full 0):
 garbage-first heap   total 133120K, used 114324K [0x0000000084000000, 0x0000000100000000)
  region size 1024K, 78 young (79872K), 1 survivors (1024K)
 Metaspace       used 88098K, committed 88768K, reserved 1179648K
  class space    used 11751K, committed 12160K, reserved 1048576K
}
Event: 2933.767 GC heap after
{Heap after GC invocations=117 (full 0):
 garbage-first heap   total 133120K, used 36512K [0x0000000084000000, 0x0000000100000000)
  region size 1024K, 1 young (1024K), 1 survivors (1024K)
 Metaspace       used 88098K, committed 88768K, reserved 1179648K
  class space    used 11751K, committed 12160K, reserved 1048576K
}
Event: 2933.947 GC heap before
{Heap before GC invocations=117 (full 0):
 garbage-first heap   total 133120K, used 40608K [0x0000000084000000, 0x0000000100000000)
  region size 1024K, 6 young (6144K), 1 survivors (1024K)
 Metaspace       used 88098K, committed 88768K, reserved 1179648K
  class space    used 11751K, committed 12160K, reserved 1048576K
}
Event: 2933.951 GC heap after
{Heap after GC invocations=118 (full 0):
 garbage-first heap   total 133120K, used 36255K [0x0000000084000000, 0x0000000100000000)
  region size 1024K, 1 young (1024K), 1 survivors (1024K)
 Metaspace       used 88098K, committed 88768K, reserved 1179648K
  class space    used 11751K, committed 12160K, reserved 1048576K
}
Event: 2937.112 GC heap before
{Heap before GC invocations=118 (full 0):
 garbage-first heap   total 133120K, used 114079K [0x0000000084000000, 0x0000000100000000)
  region size 1024K, 78 young (79872K), 1 survivors (1024K)
 Metaspace       used 88098K, committed 88768K, reserved 1179648K
  class space    used 11751K, committed 12160K, reserved 1048576K
}
Event: 2937.114 GC heap after
{Heap after GC invocations=119 (full 0):
 garbage-first heap   total 133120K, used 36310K [0x0000000084000000, 0x0000000100000000)
  region size 1024K, 1 young (1024K), 1 survivors (1024K)
 Metaspace       used 88098K, committed 88768K, reserved 1179648K
  class space    used 11751K, committed 12160K, reserved 1048576K
}
Event: 2940.552 GC heap before
{Heap before GC invocations=119 (full 0):
 garbage-first heap   total 133120K, used 114134K [0x0000000084000000, 0x0000000100000000)
  region size 1024K, 78 young (79872K), 1 survivors (1024K)
 Metaspace       used 88098K, committed 88768K, reserved 1179648K
  class space    used 11751K, committed 12160K, reserved 1048576K
}
Event: 2940.554 GC heap after
{Heap after GC invocations=120 (full 0):
 garbage-first heap   total 133120K, used 36336K [0x0000000084000000, 0x0000000100000000)
  region size 1024K, 1 young (1024K), 1 survivors (1024K)
 Metaspace       used 88098K, committed 88768K, reserved 1179648K
  class space    used 11751K, committed 12160K, reserved 1048576K
}
Event: 2943.121 GC heap before
{Heap before GC invocations=120 (full 0):
 garbage-first heap   total 133120K, used 114160K [0x0000000084000000, 0x0000000100000000)
  region size 1024K, 78 young (79872K), 1 survivors (1024K)
 Metaspace       used 88098K, committed 88768K, reserved 1179648K
  class space    used 11751K, committed 12160K, reserved 1048576K
}
Event: 2943.123 GC heap after
{Heap after GC invocations=121 (full 0):
 garbage-first heap   total 133120K, used 36344K [0x0000000084000000, 0x0000000100000000)
  region size 1024K, 1 young (1024K), 1 survivors (1024K)
 Metaspace       used 88098K, committed 88768K, reserved 1179648K
  class space    used 11751K, committed 12160K, reserved 1048576K
}

